-------------------------------------------------------------------------------
Test set: com.gym.controller.LoginControllerTest
-------------------------------------------------------------------------------
Tests run: 14, Failures: 1, Errors: 1, Skipped: 0, Time elapsed: 8.352 s <<< FAILURE! -- in com.gym.controller.LoginControllerTest
com.gym.controller.LoginControllerTest.testExceptionHandlingDuringLogin -- Time elapsed: 0.102 s <<< ERROR!
java.lang.RuntimeException: Simulated database error
	at com.gym.dao.impl.UserDao.findByUsername(UserDao.java:14)
	at com.gym.controller.LoginControllerTest$TestableLoginController.handleLogin(LoginControllerTest.java:129)
	at com.gym.controller.LoginControllerTest.testExceptionHandlingDuringLogin(LoginControllerTest.java:470)
	at java.base/java.lang.reflect.Method.invoke(Method.java:580)
	at java.base/java.util.ArrayList.forEach(ArrayList.java:1597)
	at java.base/java.util.ArrayList.forEach(ArrayList.java:1597)

com.gym.controller.LoginControllerTest.testErrorHandlingInOnSuccessfulLogin -- Time elapsed: 0.185 s <<< FAILURE!
org.opentest4j.AssertionFailedError: Error message should indicate null role ==> expected: <true> but was: <false>
	at org.junit.jupiter.api.AssertionFailureBuilder.build(AssertionFailureBuilder.java:151)
	at org.junit.jupiter.api.AssertionFailureBuilder.buildAndThrow(AssertionFailureBuilder.java:132)
	at org.junit.jupiter.api.AssertTrue.failNotTrue(AssertTrue.java:63)
	at org.junit.jupiter.api.AssertTrue.assertTrue(AssertTrue.java:36)
	at org.junit.jupiter.api.Assertions.assertTrue(Assertions.java:214)
	at com.gym.controller.LoginControllerTest.testErrorHandlingInOnSuccessfulLogin(LoginControllerTest.java:456)
	at java.base/java.lang.reflect.Method.invoke(Method.java:580)
	at java.base/java.util.ArrayList.forEach(ArrayList.java:1597)
	at java.base/java.util.ArrayList.forEach(ArrayList.java:1597)

