<?xml version="1.0" encoding="UTF-8"?>
<testsuite xmlns:xsi="http://www.w3.org/2001/XMLSchema-instance" xsi:noNamespaceSchemaLocation="https://maven.apache.org/surefire/maven-surefire-plugin/xsd/surefire-test-report-3.0.xsd" version="3.0" name="com.gym.controller.LoginControllerTest" time="8.352" tests="14" errors="1" skipped="0" failures="1">
  <properties>
[...]
</properties>
  <testcase name="testHandleLogin_InvalidPassword" classname="com.gym.controller.LoginControllerTest" time="6.477">
    <system-out><![CDATA[01:04:27.599 [main] &amp#27;[34mINFO &amp#27;[0;39m &amp#27;[36mcom.gym.util.HibernateConfig&amp#27;[0;39m - Database properties loaded successfully from database.properties
01:04:27.603 [main] &amp#27;[34mINFO &amp#27;[0;39m &amp#27;[36mcom.gym.util.HibernateConfig&amp#27;[0;39m - Using database driver: org.postgresql.Driver
01:04:27.604 [main] &amp#27;[34mINFO &amp#27;[0;39m &amp#27;[36mcom.gym.util.HibernateConfig&amp#27;[0;39m - Using database URL: jdbc:postgresql://localhost:5433/gym
01:04:27.604 [main] &amp#27;[34mINFO &amp#27;[0;39m &amp#27;[36mcom.gym.util.HibernateConfig&amp#27;[0;39m - Using database username: postgres
01:04:27.605 [main] &amp#27;[34mINFO &amp#27;[0;39m &amp#27;[36mcom.gym.util.HibernateConfig&amp#27;[0;39m - Using database password: ********
01:04:27.605 [main] &amp#27;[34mINFO &amp#27;[0;39m &amp#27;[36mcom.gym.util.HibernateConfig&amp#27;[0;39m - Using database URL: jdbc:postgresql://localhost:5433/gym
01:04:27.605 [main] &amp#27;[34mINFO &amp#27;[0;39m &amp#27;[36mcom.gym.util.EntityManagerUtil&amp#27;[0;39m - Setting up JPA with URL: jdbc:postgresql://localhost:5433/gym
01:04:31.568 [main] &amp#27;[34mINFO &amp#27;[0;39m &amp#27;[36mcom.gym.util.EntityManagerUtil&amp#27;[0;39m - JPA EntityManagerFactory created successfully
]]></system-out>
    <system-err><![CDATA[WARNING: A Java agent has been loaded dynamically (C:\Users\verem\.m2\repository\net\bytebuddy\byte-buddy-agent\1.14.11\byte-buddy-agent-1.14.11.jar)
WARNING: If a serviceability tool is in use, please run with -XX:+EnableDynamicAgentLoading to hide this warning
WARNING: If a serviceability tool is not in use, please run with -Djdk.instrument.traceUsage for more information
WARNING: Dynamic loading of agents will be disallowed by default in a future release
]]></system-err>
  </testcase>
  <testcase name="testHandleLogin_EmptyPassword" classname="com.gym.controller.LoginControllerTest" time="0.088"/>
  <testcase name="testEnterKeyHandler" classname="com.gym.controller.LoginControllerTest" time="0.175"/>
  <testcase name="testHandleLogin_SuccessfulTrainerLogin" classname="com.gym.controller.LoginControllerTest" time="0.174"/>
  <testcase name="testPasswordVerification" classname="com.gym.controller.LoginControllerTest" time="0.287"/>
  <testcase name="testHandleLogin_UserNotFound" classname="com.gym.controller.LoginControllerTest" time="0.095"/>
  <testcase name="testHandleLogin_EmptyFields" classname="com.gym.controller.LoginControllerTest" time="0.079"/>
  <testcase name="testTextChangeListeners" classname="com.gym.controller.LoginControllerTest" time="0.079"/>
  <testcase name="testHandleLogin_SuccessfulAdminLogin" classname="com.gym.controller.LoginControllerTest" time="0.165"/>
  <testcase name="testInitialize" classname="com.gym.controller.LoginControllerTest" time="0.105"/>
  <testcase name="testHandleLogin_SuccessfulClientLogin" classname="com.gym.controller.LoginControllerTest" time="0.157"/>
  <testcase name="testExceptionHandlingDuringLogin" classname="com.gym.controller.LoginControllerTest" time="0.102">
    <error message="Simulated database error" type="java.lang.RuntimeException"><![CDATA[java.lang.RuntimeException: Simulated database error
	at com.gym.dao.impl.UserDao.findByUsername(UserDao.java:14)
	at com.gym.controller.LoginControllerTest$TestableLoginController.handleLogin(LoginControllerTest.java:129)
	at com.gym.controller.LoginControllerTest.testExceptionHandlingDuringLogin(LoginControllerTest.java:470)
	at java.base/java.lang.reflect.Method.invoke(Method.java:580)
	at java.base/java.util.ArrayList.forEach(ArrayList.java:1597)
	at java.base/java.util.ArrayList.forEach(ArrayList.java:1597)
]]></error>
  </testcase>
  <testcase name="testHandleLogin_EmptyUsername" classname="com.gym.controller.LoginControllerTest" time="0.099"/>
  <testcase name="testErrorHandlingInOnSuccessfulLogin" classname="com.gym.controller.LoginControllerTest" time="0.185">
    <failure message="Error message should indicate null role ==&gt; expected: &lt;true&gt; but was: &lt;false&gt;" type="org.opentest4j.AssertionFailedError"><![CDATA[org.opentest4j.AssertionFailedError: Error message should indicate null role ==> expected: <true> but was: <false>
	at org.junit.jupiter.api.AssertionFailureBuilder.build(AssertionFailureBuilder.java:151)
	at org.junit.jupiter.api.AssertionFailureBuilder.buildAndThrow(AssertionFailureBuilder.java:132)
	at org.junit.jupiter.api.AssertTrue.failNotTrue(AssertTrue.java:63)
	at org.junit.jupiter.api.AssertTrue.assertTrue(AssertTrue.java:36)
	at org.junit.jupiter.api.Assertions.assertTrue(Assertions.java:214)
	at com.gym.controller.LoginControllerTest.testErrorHandlingInOnSuccessfulLogin(LoginControllerTest.java:456)
	at java.base/java.lang.reflect.Method.invoke(Method.java:580)
	at java.base/java.util.ArrayList.forEach(ArrayList.java:1597)
	at java.base/java.util.ArrayList.forEach(ArrayList.java:1597)
]]></failure>
    <system-out><![CDATA[Actual error message: Error loading dashboard
]]></system-out>
  </testcase>
</testsuite>